<?xml version="1.0" encoding="UTF-8"?>
<!-- Generated by org.testng.reporters.JUnitXMLReporter -->
<testsuite ignored="0" hostname="Samaya" failures="2" tests="14" name="Test" time="484.186" errors="0" timestamp="2024-04-11T01:14:27 IST">
  <testcase classname="testcase.NavigateBestBuyURLTest" name="NavigateURL" time="0.032"/>
  <testcase classname="testcase.NavigateBestBuyURLTest" name="SelectUS" time="8.928"/>
  <testcase classname="testcase.NavigateBestBuyURLTest" name="SelectCanada" time="9.161">
    <failure type="java.lang.AssertionError" message="expected [Best Buy International: Select your Country - Best Buy] but found [Best Buy: Shop Online For Deals &amp;amp; Save | Best Buy Canada]">
      <![CDATA[java.lang.AssertionError: expected [Best Buy International: Select your Country - Best Buy] but found [Best Buy: Shop Online For Deals & Save | Best Buy Canada]
at testcase.NavigateBestBuyURLTest.SelectCanada(NavigateBestBuyURLTest.java:48)
at java.base/java.util.ArrayList.forEach(ArrayList.java:1596)
... Removed 31 stack frames]]>
    </failure>
  </testcase> <!-- SelectCanada -->
  <testcase classname="testcase.SignupTest" name="Signup" time="18.151"/>
  <testcase classname="testcase.SignupTest" name="Login" time="13.674"/>
  <testcase classname="testcase.SignupTest" name="LoginInvalidEmail" time="17.382"/>
  <testcase classname="testcase.SignupTest" name="LoginInvalidPassword" time="18.972"/>
  <testcase classname="testcase.SignupTest" name="LoginInvalidInvalidPassword" time="19.044"/>
  <testcase classname="testcase.SignupTest" name="LoginwithValidCredentials" time="0.003"/>
  <testcase classname="testcase.NavigateMenuItemsTest" name="NavigateBottomLinks" time="52.505"/>
  <testcase classname="testcase.NavigateMenuItemsTest" name="NavigateMenuItems" time="53.822"/>
  <testcase classname="testcase.AddItemTest" name="SearchAndAddItem" time="43.529"/>
  <testcase classname="testcase.AddItemTest" name="AddItemByDepartment" time="39.592"/>
  <testcase classname="testcase.AddItemTest" name="AddItemByBrand" time="113.833">
    <failure type="org.openqa.selenium.NoSuchElementException" message="no such element: Unable to locate element: {&amp;quot;method&amp;quot;:&amp;quot;xpath&amp;quot;,&amp;quot;selector&amp;quot;:&amp;quot;//button[.=&amp;apos;Keep Address as Entered&amp;apos;]&amp;quot;}
  (Session info: chrome=123.0.6312.106)
For documentation on this error, please visit: https://www.selenium.dev/documentation/webdriver/troubleshooting/errors#no-such-element-exception
Build info: version: &amp;apos;4.12.1&amp;apos;, revision: &amp;apos;8e34639b11&amp;apos;
System info: os.name: &amp;apos;Windows 11&amp;apos;, os.arch: &amp;apos;amd64&amp;apos;, os.version: &amp;apos;10.0&amp;apos;, java.version: &amp;apos;21.0.1&amp;apos;
Driver info: org.openqa.selenium.chrome.ChromeDriver
Command: [c06d22c212278455304ae1c7875f06bd, findElement {using=xpath, value=//button[.=&amp;apos;Keep Address as Entered&amp;apos;]}]
Capabilities {acceptInsecureCerts: false, browserName: chrome, browserVersion: 123.0.6312.106, chrome: {chromedriverVersion: 123.0.6312.105 (399174dbe6e..., userDataDir: C:\Users\sures\AppData\Loca...}, fedcm:accounts: true, goog:chromeOptions: {debuggerAddress: localhost:57097}, networkConnectionEnabled: false, pageLoadStrategy: normal, platformName: windows, proxy: Proxy(), se:cdp: ws://localhost:57097/devtoo..., se:cdpVersion: 123.0.6312.106, setWindowRect: true, strictFileInteractability: false, timeouts: {implicit: 0, pageLoad: 300000, script: 30000}, unhandledPromptBehavior: dismiss and notify, webauthn:extension:credBlob: true, webauthn:extension:largeBlob: true, webauthn:extension:minPinLength: true, webauthn:extension:prf: true, webauthn:virtualAuthenticators: true}
Session ID: c06d22c212278455304ae1c7875f06bd">
      <![CDATA[org.openqa.selenium.NoSuchElementException: no such element: Unable to locate element: {"method":"xpath","selector":"//button[.='Keep Address as Entered']"}
  (Session info: chrome=123.0.6312.106)
For documentation on this error, please visit: https://www.selenium.dev/documentation/webdriver/troubleshooting/errors#no-such-element-exception
Build info: version: '4.12.1', revision: '8e34639b11'
System info: os.name: 'Windows 11', os.arch: 'amd64', os.version: '10.0', java.version: '21.0.1'
Driver info: org.openqa.selenium.chrome.ChromeDriver
Command: [c06d22c212278455304ae1c7875f06bd, findElement {using=xpath, value=//button[.='Keep Address as Entered']}]
Capabilities {acceptInsecureCerts: false, browserName: chrome, browserVersion: 123.0.6312.106, chrome: {chromedriverVersion: 123.0.6312.105 (399174dbe6e..., userDataDir: C:\Users\sures\AppData\Loca...}, fedcm:accounts: true, goog:chromeOptions: {debuggerAddress: localhost:57097}, networkConnectionEnabled: false, pageLoadStrategy: normal, platformName: windows, proxy: Proxy(), se:cdp: ws://localhost:57097/devtoo..., se:cdpVersion: 123.0.6312.106, setWindowRect: true, strictFileInteractability: false, timeouts: {implicit: 0, pageLoad: 300000, script: 30000}, unhandledPromptBehavior: dismiss and notify, webauthn:extension:credBlob: true, webauthn:extension:largeBlob: true, webauthn:extension:minPinLength: true, webauthn:extension:prf: true, webauthn:virtualAuthenticators: true}
Session ID: c06d22c212278455304ae1c7875f06bd
at org.openqa.selenium.remote.codec.w3c.W3CHttpResponseCodec.createException(W3CHttpResponseCodec.java:200)
at org.openqa.selenium.remote.codec.w3c.W3CHttpResponseCodec.decode(W3CHttpResponseCodec.java:133)
at org.openqa.selenium.remote.codec.w3c.W3CHttpResponseCodec.decode(W3CHttpResponseCodec.java:52)
at org.openqa.selenium.remote.HttpCommandExecutor.execute(HttpCommandExecutor.java:191)
at org.openqa.selenium.remote.service.DriverCommandExecutor.invokeExecute(DriverCommandExecutor.java:196)
at org.openqa.selenium.remote.service.DriverCommandExecutor.execute(DriverCommandExecutor.java:171)
at org.openqa.selenium.remote.RemoteWebDriver.execute(RemoteWebDriver.java:602)
at org.openqa.selenium.remote.ElementLocation$ElementFinder$2.findElement(ElementLocation.java:165)
at org.openqa.selenium.remote.ElementLocation.findElement(ElementLocation.java:59)
at org.openqa.selenium.remote.RemoteWebDriver.findElement(RemoteWebDriver.java:359)
at org.openqa.selenium.remote.RemoteWebDriver.findElement(RemoteWebDriver.java:353)
at org.openqa.selenium.support.pagefactory.DefaultElementLocator.findElement(DefaultElementLocator.java:68)
at org.openqa.selenium.support.pagefactory.internal.LocatingElementHandler.invoke(LocatingElementHandler.java:38)
at jdk.proxy2/jdk.proxy2.$Proxy17.isDisplayed(Unknown Source)
at pageObjects.ShoppingPage.fillDeliveryAddressForm(ShoppingPage.java:205)
at testcase.AddItemTest.AddItemByBrand(AddItemTest.java:116)
at java.base/java.util.ArrayList.forEach(ArrayList.java:1596)
... Removed 28 stack frames]]>
    </failure>
  </testcase> <!-- AddItemByBrand -->
</testsuite> <!-- Test -->
